# JRE version: Java(TM) SE Runtime Environment (8.0_131-b11) (build 1.8.0_131-b11)
# Java VM: Java HotSpot(TM) 64-Bit Server VM (25.131-b11 mixed mode windows-amd64 compressed oops)
Heap:
 PSYoungGen      total 70656K, used 62757K [0x00000000d6000000, 0x00000000daa00000, 0x0000000100000000)
  eden space 65536K, 95% used [0x00000000d6000000,0x00000000d9d49428,0x00000000da000000)
  from space 5120K, 0% used [0x00000000da000000,0x00000000da000000,0x00000000da500000)
  to   space 5120K, 0% used [0x00000000da500000,0x00000000da500000,0x00000000daa00000)
 ParOldGen       total 52224K, used 5860K [0x0000000082000000, 0x0000000085300000, 0x00000000d6000000)
  object space 52224K, 11% used [0x0000000082000000,0x00000000825b9208,0x0000000085300000)
 Metaspace       used 22817K, capacity 23368K, committed 23680K, reserved 1069056K
  class space    used 2940K, capacity 3097K, committed 3200K, reserved 1048576K
GC Heap History (10 events):
Event: 2.390 GC heap before
{Heap before GC invocations=2 (full 0):
 PSYoungGen      total 37888K, used 37429K [0x00000000d6000000, 0x00000000d8a00000, 0x0000000100000000)
  eden space 32768K, 100% used [0x00000000d6000000,0x00000000d8000000,0x00000000d8000000)
  from space 5120K, 91% used [0x00000000d8000000,0x00000000d848d4a8,0x00000000d8500000)
  to   space 5120K, 0% used [0x00000000d8500000,0x00000000d8500000,0x00000000d8a00000)
 ParOldGen       total 86016K, used 16K [0x0000000082000000, 0x0000000087400000, 0x00000000d6000000)
  object space 86016K, 0% used [0x0000000082000000,0x0000000082004000,0x0000000087400000)
 Metaspace       used 13359K, capacity 13718K, committed 13824K, reserved 1060864K
  class space    used 1607K, capacity 1711K, committed 1792K, reserved 1048576K
Event: 2.404 GC heap after
Heap after GC invocations=2 (full 0):
 PSYoungGen      total 37888K, used 5091K [0x00000000d6000000, 0x00000000daa00000, 0x0000000100000000)
  eden space 32768K, 0% used [0x00000000d6000000,0x00000000d6000000,0x00000000d8000000)
  from space 5120K, 99% used [0x00000000d8500000,0x00000000d89f8f10,0x00000000d8a00000)
  to   space 5120K, 0% used [0x00000000d8000000,0x00000000d8000000,0x00000000d8500000)
 ParOldGen       total 86016K, used 408K [0x0000000082000000, 0x0000000087400000, 0x00000000d6000000)
  object space 86016K, 0% used [0x0000000082000000,0x0000000082066130,0x0000000087400000)
 Metaspace       used 13359K, capacity 13718K, committed 13824K, reserved 1060864K
  class space    used 1607K, capacity 1711K, committed 1792K, reserved 1048576K
}
Event: 2.749 GC heap before
{Heap before GC invocations=3 (full 0):
 PSYoungGen      total 37888K, used 37859K [0x00000000d6000000, 0x00000000daa00000, 0x0000000100000000)
  eden space 32768K, 100% used [0x00000000d6000000,0x00000000d8000000,0x00000000d8000000)
  from space 5120K, 99% used [0x00000000d8500000,0x00000000d89f8f10,0x00000000d8a00000)
  to   space 5120K, 0% used [0x00000000d8000000,0x00000000d8000000,0x00000000d8500000)
 ParOldGen       total 86016K, used 408K [0x0000000082000000, 0x0000000087400000, 0x00000000d6000000)
  object space 86016K, 0% used [0x0000000082000000,0x0000000082066130,0x0000000087400000)
 Metaspace       used 16205K, capacity 16694K, committed 16896K, reserved 1064960K
  class space    used 2106K, capacity 2234K, committed 2304K, reserved 1048576K
Event: 2.758 GC heap after
Heap after GC invocations=3 (full 0):
 PSYoungGen      total 37888K, used 5093K [0x00000000d6000000, 0x00000000daa00000, 0x0000000100000000)
  eden space 32768K, 0% used [0x00000000d6000000,0x00000000d6000000,0x00000000d8000000)
  from space 5120K, 99% used [0x00000000d8000000,0x00000000d84f9410,0x00000000d8500000)
  to   space 5120K, 0% used [0x00000000da500000,0x00000000da500000,0x00000000daa00000)
 ParOldGen       total 86016K, used 1087K [0x0000000082000000, 0x0000000087400000, 0x00000000d6000000)
  object space 86016K, 1% used [0x0000000082000000,0x000000008210ffd8,0x0000000087400000)
 Metaspace       used 16205K, capacity 16694K, committed 16896K, reserved 1064960K
  class space    used 2106K, capacity 2234K, committed 2304K, reserved 1048576K
}
Event: 3.232 GC heap before
{Heap before GC invocations=4 (full 0):
 PSYoungGen      total 37888K, used 37861K [0x00000000d6000000, 0x00000000daa00000, 0x0000000100000000)
  eden space 32768K, 100% used [0x00000000d6000000,0x00000000d8000000,0x00000000d8000000)
  from space 5120K, 99% used [0x00000000d8000000,0x00000000d84f9410,0x00000000d8500000)
  to   space 5120K, 0% used [0x00000000da500000,0x00000000da500000,0x00000000daa00000)
 ParOldGen       total 86016K, used 1087K [0x0000000082000000, 0x0000000087400000, 0x00000000d6000000)
  object space 86016K, 1% used [0x0000000082000000,0x000000008210ffd8,0x0000000087400000)
 Metaspace       used 19332K, capacity 19808K, committed 20096K, reserved 1067008K
  class space    used 2527K, capacity 2665K, committed 2688K, reserved 1048576K
Event: 3.242 GC heap after
Heap after GC invocations=4 (full 0):
 PSYoungGen      total 70656K, used 5103K [0x00000000d6000000, 0x00000000daa00000, 0x0000000100000000)
  eden space 65536K, 0% used [0x00000000d6000000,0x00000000d6000000,0x00000000da000000)
  from space 5120K, 99% used [0x00000000da500000,0x00000000da9fbcc0,0x00000000daa00000)
  to   space 5120K, 0% used [0x00000000da000000,0x00000000da000000,0x00000000da500000)
 ParOldGen       total 86016K, used 3332K [0x0000000082000000, 0x0000000087400000, 0x00000000d6000000)
  object space 86016K, 3% used [0x0000000082000000,0x0000000082341338,0x0000000087400000)
 Metaspace       used 19332K, capacity 19808K, committed 20096K, reserved 1067008K
  class space    used 2527K, capacity 2665K, committed 2688K, reserved 1048576K
}
Event: 3.417 GC heap before
{Heap before GC invocations=5 (full 0):
 PSYoungGen      total 70656K, used 16814K [0x00000000d6000000, 0x00000000daa00000, 0x0000000100000000)
  eden space 65536K, 17% used [0x00000000d6000000,0x00000000d6b6fb70,0x00000000da000000)
  from space 5120K, 99% used [0x00000000da500000,0x00000000da9fbcc0,0x00000000daa00000)
  to   space 5120K, 0% used [0x00000000da000000,0x00000000da000000,0x00000000da500000)
 ParOldGen       total 86016K, used 3332K [0x0000000082000000, 0x0000000087400000, 0x00000000d6000000)
  object space 86016K, 3% used [0x0000000082000000,0x0000000082341338,0x0000000087400000)
 Metaspace       used 20658K, capacity 21158K, committed 21248K, reserved 1067008K
  class space    used 2646K, capacity 2794K, committed 2816K, reserved 1048576K
Event: 3.425 GC heap after
Heap after GC invocations=5 (full 0):
 PSYoungGen      total 70656K, used 5118K [0x00000000d6000000, 0x00000000daa00000, 0x0000000100000000)
  eden space 65536K, 0% used [0x00000000d6000000,0x00000000d6000000,0x00000000da000000)
  from space 5120K, 99% used [0x00000000da000000,0x00000000da4ff910,0x00000000da500000)
  to   space 5120K, 0% used [0x00000000da500000,0x00000000da500000,0x00000000daa00000)
 ParOldGen       total 86016K, used 4237K [0x0000000082000000, 0x0000000087400000, 0x00000000d6000000)
  object space 86016K, 4% used [0x0000000082000000,0x0000000082423700,0x0000000087400000)
 Metaspace       used 20658K, capacity 21158K, committed 21248K, reserved 1067008K
  class space    used 2646K, capacity 2794K, committed 2816K, reserved 1048576K
}
Event: 3.425 GC heap before
{Heap before GC invocations=6 (full 1):
 PSYoungGen      total 70656K, used 5118K [0x00000000d6000000, 0x00000000daa00000, 0x0000000100000000)
  eden space 65536K, 0% used [0x00000000d6000000,0x00000000d6000000,0x00000000da000000)
  from space 5120K, 99% used [0x00000000da000000,0x00000000da4ff910,0x00000000da500000)
  to   space 5120K, 0% used [0x00000000da500000,0x00000000da500000,0x00000000daa00000)
 ParOldGen       total 86016K, used 4237K [0x0000000082000000, 0x0000000087400000, 0x00000000d6000000)
  object space 86016K, 4% used [0x0000000082000000,0x0000000082423700,0x0000000087400000)
 Metaspace       used 20658K, capacity 21158K, committed 21248K, reserved 1067008K
  class space    used 2646K, capacity 2794K, committed 2816K, reserved 1048576K
Event: 3.464 GC heap after
Heap after GC invocations=6 (full 1):
 PSYoungGen      total 70656K, used 0K [0x00000000d6000000, 0x00000000daa00000, 0x0000000100000000)
  eden space 65536K, 0% used [0x00000000d6000000,0x00000000d6000000,0x00000000da000000)
  from space 5120K, 0% used [0x00000000da000000,0x00000000da000000,0x00000000da500000)
  to   space 5120K, 0% used [0x00000000da500000,0x00000000da500000,0x00000000daa00000)
 ParOldGen       total 52224K, used 5860K [0x0000000082000000, 0x0000000085300000, 0x00000000d6000000)
  object space 52224K, 11% used [0x0000000082000000,0x00000000825b9208,0x0000000085300000)
 Metaspace       used 20658K, capacity 21158K, committed 21248K, reserved 1067008K
  class space    used 2646K, capacity 2794K, committed 2816K, reserved 1048576K
}

